Virtual User Script started at: 25-03-2025 17:47:29	[MsgId: MMSG-15967]
Starting action vuser_init.	[MsgId: MMSG-15919]
Web Turbo Replay of LoadRunner 2021.0.0 for Windows 10; build 430 (Jan 05 2021 19:27:22)  	[MsgId: MMSG-26983]
Run mode: HTML  	[MsgId: MMSG-26993]
Replay user agent: Mozilla/5.0 (Windows NT 10.0; Win64; x64) AppleWebKit/537.36 (KHTML, like Gecko) Chrome/86.0.4240.183 Safari/537.36  	[MsgId: MMSG-26988]
Runtime Settings file: "C:\Users\vino\AppData\Local\Temp\lr5tmpdir8Pg.494\lrcfgxIV.495\cfgOI2.496"  	[MsgId: MMSG-27141]
vuser_init.c(12): web_url("welcome.pl") started  	[MsgId: MMSG-26355]
Virtual User Script started at: 25-03-2025 17:47:29	[MsgId: MMSG-15967]
Starting action vuser_init.	[MsgId: MMSG-15919]
Web Turbo Replay of LoadRunner 2021.0.0 for Windows 10; build 430 (Jan 05 2021 19:27:22)  	[MsgId: MMSG-26983]
Run mode: HTML  	[MsgId: MMSG-26993]
Replay user agent: Mozilla/5.0 (Windows NT 10.0; Win64; x64) AppleWebKit/537.36 (KHTML, like Gecko) Chrome/86.0.4240.183 Safari/537.36  	[MsgId: MMSG-26988]
Runtime Settings file: "C:\Users\vino\AppData\Local\Temp\lr5tmpdir8Pg.494\lrcfgxIV.495\cfgOI2.496"  	[MsgId: MMSG-27141]
vuser_init.c(12): web_url("welcome.pl") started  	[MsgId: MMSG-26355]
Virtual User Script started at: 25-03-2025 17:47:29	[MsgId: MMSG-15967]
Starting action vuser_init.	[MsgId: MMSG-15919]
Web Turbo Replay of LoadRunner 2021.0.0 for Windows 10; build 430 (Jan 05 2021 19:27:22)  	[MsgId: MMSG-26983]
Run mode: HTML  	[MsgId: MMSG-26993]
Replay user agent: Mozilla/5.0 (Windows NT 10.0; Win64; x64) AppleWebKit/537.36 (KHTML, like Gecko) Chrome/86.0.4240.183 Safari/537.36  	[MsgId: MMSG-26988]
Runtime Settings file: "C:\Users\vino\AppData\Local\Temp\lr5tmpdir8Pg.494\lrcfgxIV.495\cfgOI2.496"  	[MsgId: MMSG-27141]
vuser_init.c(12): web_url("welcome.pl") started  	[MsgId: MMSG-26355]
Virtual User Script started at: 25-03-2025 17:47:29	[MsgId: MMSG-15967]
Starting action vuser_init.	[MsgId: MMSG-15919]
Web Turbo Replay of LoadRunner 2021.0.0 for Windows 10; build 430 (Jan 05 2021 19:27:22)  	[MsgId: MMSG-26983]
Run mode: HTML  	[MsgId: MMSG-26993]
Replay user agent: Mozilla/5.0 (Windows NT 10.0; Win64; x64) AppleWebKit/537.36 (KHTML, like Gecko) Chrome/86.0.4240.183 Safari/537.36  	[MsgId: MMSG-26988]
Runtime Settings file: "C:\Users\vino\AppData\Local\Temp\lr5tmpdir8Pg.494\lrcfgxIV.495\cfgOI2.496"  	[MsgId: MMSG-27141]
vuser_init.c(12): web_url("welcome.pl") started  	[MsgId: MMSG-26355]
Virtual User Script started at: 25-03-2025 17:47:29	[MsgId: MMSG-15967]
Starting action vuser_init.	[MsgId: MMSG-15919]
Web Turbo Replay of LoadRunner 2021.0.0 for Windows 10; build 430 (Jan 05 2021 19:27:22)  	[MsgId: MMSG-26983]
Run mode: HTML  	[MsgId: MMSG-26993]
Replay user agent: Mozilla/5.0 (Windows NT 10.0; Win64; x64) AppleWebKit/537.36 (KHTML, like Gecko) Chrome/86.0.4240.183 Safari/537.36  	[MsgId: MMSG-26988]
Runtime Settings file: "C:\Users\vino\AppData\Local\Temp\lr5tmpdir8Pg.494\lrcfgxIV.495\cfgOI2.496"  	[MsgId: MMSG-27141]
vuser_init.c(12): web_url("welcome.pl") started  	[MsgId: MMSG-26355]
vuser_init.c(12): Error -27792: Failed to connect to server "192.168.152.1:1080": [10061] Connection refused  	[MsgId: MERR-27792]
vuser_init.c(12): web_url("welcome.pl") highest severity level was "ERROR", 0 body bytes, 0 header bytes  	[MsgId: MMSG-26388]
Abort was called from an action.	[MsgId: MMSG-10447]
Vuser 0 (thread 13684), ended OK."	[MsgId: MMSG-10695]
vuser_init.c(12): Error -27792: Failed to connect to server "192.168.152.1:1080": [10061] Connection refused  	[MsgId: MERR-27792]
vuser_init.c(12): Error -27792: Failed to connect to server "192.168.152.1:1080": [10061] Connection refused  	[MsgId: MERR-27792]
vuser_init.c(12): web_url("welcome.pl") highest severity level was "ERROR", 0 body bytes, 0 header bytes  	[MsgId: MMSG-26388]
Abort was called from an action.	[MsgId: MMSG-10447]
vuser_init.c(12): web_url("welcome.pl") highest severity level was "ERROR", 0 body bytes, 0 header bytes  	[MsgId: MMSG-26388]
Abort was called from an action.	[MsgId: MMSG-10447]
Vuser 1 (thread 18132), ended OK."	[MsgId: MMSG-10695]
Vuser 2 (thread 10104), ended OK."	[MsgId: MMSG-10695]
vuser_init.c(12): Error -27792: Failed to connect to server "192.168.152.1:1080": [10061] Connection refused  	[MsgId: MERR-27792]
vuser_init.c(12): web_url("welcome.pl") highest severity level was "ERROR", 0 body bytes, 0 header bytes  	[MsgId: MMSG-26388]
Abort was called from an action.	[MsgId: MMSG-10447]
Vuser 3 (thread 22568), ended OK."	[MsgId: MMSG-10695]
vuser_init.c(12): Error -27792: Failed to connect to server "192.168.152.1:1080": [10061] Connection refused  	[MsgId: MERR-27792]
vuser_init.c(12): web_url("welcome.pl") highest severity level was "ERROR", 0 body bytes, 0 header bytes  	[MsgId: MMSG-26388]
Abort was called from an action.	[MsgId: MMSG-10447]
Vuser 4 (thread 3312), ended OK."	[MsgId: MMSG-10695]
